Unity Editor version:    2021.3.11f1 (0a5ca18544bf)
Branch:                  2021.3/staging
Build type:              Release
Batch mode:              YES
macOS version:           Version 12.6 (Build 21G115)
Darwin version:          21.6.0
Architecture:            x86_64
Running under Rosetta:   NO
Available memory:        16384 MB
Using pre-set license
Pro License: YES

COMMAND LINE ARGUMENTS:
/Applications/Unity/Hub/Editor/2021.3.11f1/Unity.app/Contents/MacOS/Unity
-adb2
-batchMode
-noUpm
-name
AssetImportWorker0
-projectPath
/Users/arcticjackie/Unity/Cartoon Shader Tutorial
-logFile
Logs/AssetImportWorker0.log
-srvPort
50551
Successfully changed project path to: /Users/arcticjackie/Unity/Cartoon Shader Tutorial
/Users/arcticjackie/Unity/Cartoon Shader Tutorial
[UnityMemory] Configuration Parameters - Can be set up in boot.config
    "memorysetup-bucket-allocator-granularity=16"
    "memorysetup-bucket-allocator-bucket-count=8"
    "memorysetup-bucket-allocator-block-size=33554432"
    "memorysetup-bucket-allocator-block-count=8"
    "memorysetup-main-allocator-block-size=16777216"
    "memorysetup-thread-allocator-block-size=16777216"
    "memorysetup-gfx-main-allocator-block-size=16777216"
    "memorysetup-gfx-thread-allocator-block-size=16777216"
    "memorysetup-cache-allocator-block-size=4194304"
    "memorysetup-typetree-allocator-block-size=2097152"
    "memorysetup-profiler-bucket-allocator-granularity=16"
    "memorysetup-profiler-bucket-allocator-bucket-count=8"
    "memorysetup-profiler-bucket-allocator-block-size=33554432"
    "memorysetup-profiler-bucket-allocator-block-count=8"
    "memorysetup-profiler-allocator-block-size=16777216"
    "memorysetup-profiler-editor-allocator-block-size=1048576"
    "memorysetup-temp-allocator-size-main=16777216"
    "memorysetup-job-temp-allocator-block-size=2097152"
    "memorysetup-job-temp-allocator-block-size-background=1048576"
    "memorysetup-job-temp-allocator-reduction-small-platforms=262144"
    "memorysetup-temp-allocator-size-background-worker=32768"
    "memorysetup-temp-allocator-size-job-worker=262144"
    "memorysetup-temp-allocator-size-preload-manager=33554432"
    "memorysetup-temp-allocator-size-nav-mesh-worker=65536"
    "memorysetup-temp-allocator-size-audio-worker=65536"
    "memorysetup-temp-allocator-size-cloud-worker=32768"
    "memorysetup-temp-allocator-size-gi-baking-worker=262144"
    "memorysetup-temp-allocator-size-gfx=262144"
Refreshing native plugins compatible for Editor in 151.07 ms, found 2 plugins.
Preloading 0 native plugins for Editor in 0.00 ms.
Initialize engine version: 2021.3.11f1 (0a5ca18544bf)
[Subsystems] Discovering subsystems at path /Applications/Unity/Hub/Editor/2021.3.11f1/Unity.app/Contents/Resources/UnitySubsystems
[Subsystems] Discovering subsystems at path /Users/arcticjackie/Unity/Cartoon Shader Tutorial/Assets
GfxDevice: creating device client; threaded=0; jobified=0
Color LCD preferred device: Intel(R) Iris(TM) Plus Graphics (low power)
Metal devices available: 1
0: Intel(R) Iris(TM) Plus Graphics (low power)
Using device Intel(R) Iris(TM) Plus Graphics (low power)
Initializing Metal device caps: Intel(R) Iris(TM) Plus Graphics
Initialize mono
Mono path[0] = '/Applications/Unity/Hub/Editor/2021.3.11f1/Unity.app/Contents/Managed'
Mono path[1] = '/Applications/Unity/Hub/Editor/2021.3.11f1/Unity.app/Contents/MonoBleedingEdge/lib/mono/unityjit-macos'
Mono config path = '/Applications/Unity/Hub/Editor/2021.3.11f1/Unity.app/Contents/MonoBleedingEdge/etc'
Using monoOptions --debugger-agent=transport=dt_socket,embedding=1,server=y,suspend=n,address=127.0.0.1:56754
Begin MonoManager ReloadAssembly
Registering precompiled unity dll's ...
Register platform support module: /Applications/Unity/Hub/Editor/2021.3.11f1/Unity.app/Contents/PlaybackEngines/MacStandaloneSupport/UnityEditor.OSXStandalone.Extensions.dll
Registered in 0.001056 seconds.
Native extension for OSXStandalone target not found
Refreshing native plugins compatible for Editor in 131.17 ms, found 2 plugins.
Preloading 0 native plugins for Editor in 0.00 ms.
Mono: successfully reloaded assembly
- Completed reload, in  1.471 seconds
Domain Reload Profiling:
	ReloadAssembly (1472ms)
		BeginReloadAssembly (328ms)
			ExecutionOrderSort (0ms)
			DisableScriptedObjects (0ms)
			BackupInstance (0ms)
			ReleaseScriptingObjects (0ms)
			CreateAndSetChildDomain (1ms)
		EndReloadAssembly (937ms)
			LoadAssemblies (327ms)
			RebuildTransferFunctionScriptingTraits (0ms)
			SetupTypeCache (220ms)
			ReleaseScriptCaches (0ms)
			RebuildScriptCaches (70ms)
			SetupLoadedEditorAssemblies (539ms)
				LogAssemblyErrors (0ms)
				InitializePlatformSupportModulesInManaged (10ms)
				SetLoadedEditorAssemblies (0ms)
				RefreshPlugins (131ms)
				BeforeProcessingInitializeOnLoad (2ms)
				ProcessInitializeOnLoadAttributes (313ms)
				ProcessInitializeOnLoadMethodAttributes (81ms)
				AfterProcessingInitializeOnLoad (0ms)
				EditorAssembliesLoaded (0ms)
			ExecutionOrderSort2 (0ms)
			AwakeInstancesAfterBackupRestoration (0ms)
Platform modules already initialized, skipping
Registering precompiled user dll's ...
Registered in 0.003027 seconds.
Begin MonoManager ReloadAssembly
Symbol file LoadedFromMemory doesn't match image /Users/arcticjackie/Unity/Cartoon Shader Tutorial/Library/PackageCache/com.unity.visualscripting@1.7.8/Editor/VisualScripting.Core/Dependencies/YamlDotNet/Unity.VisualScripting.YamlDotNet.dll
Symbol file LoadedFromMemory doesn't match image /Users/arcticjackie/Unity/Cartoon Shader Tutorial/Library/PackageCache/com.unity.visualscripting@1.7.8/Editor/VisualScripting.Core/Dependencies/DotNetZip/Unity.VisualScripting.IonicZip.dll
Native extension for OSXStandalone target not found
Refreshing native plugins compatible for Editor in 0.62 ms, found 2 plugins.
Preloading 0 native plugins for Editor in 0.00 ms.
Mono: successfully reloaded assembly
- Completed reload, in  2.129 seconds
Domain Reload Profiling:
	ReloadAssembly (2131ms)
		BeginReloadAssembly (198ms)
			ExecutionOrderSort (0ms)
			DisableScriptedObjects (12ms)
			BackupInstance (0ms)
			ReleaseScriptingObjects (0ms)
			CreateAndSetChildDomain (40ms)
		EndReloadAssembly (1703ms)
			LoadAssemblies (146ms)
			RebuildTransferFunctionScriptingTraits (0ms)
			SetupTypeCache (662ms)
			ReleaseScriptCaches (1ms)
			RebuildScriptCaches (144ms)
			SetupLoadedEditorAssemblies (647ms)
				LogAssemblyErrors (0ms)
				InitializePlatformSupportModulesInManaged (6ms)
				SetLoadedEditorAssemblies (1ms)
				RefreshPlugins (1ms)
				BeforeProcessingInitializeOnLoad (126ms)
				ProcessInitializeOnLoadAttributes (460ms)
				ProcessInitializeOnLoadMethodAttributes (50ms)
				AfterProcessingInitializeOnLoad (2ms)
				EditorAssembliesLoaded (0ms)
			ExecutionOrderSort2 (0ms)
			AwakeInstancesAfterBackupRestoration (11ms)
Platform modules already initialized, skipping
========================================================================
Worker process is ready to serve import requests
Launching external process: /Applications/Unity/Hub/Editor/2021.3.11f1/Unity.app/Contents/Tools/UnityShaderCompiler
Launched and connected shader compiler UnityShaderCompiler after 0.10 seconds
Refreshing native plugins compatible for Editor in 0.97 ms, found 2 plugins.
Preloading 0 native plugins for Editor in 0.00 ms.
Unloading 3380 Unused Serialized files (Serialized files now loaded: 0)
Unloading 27 unused Assets / (154.0 KB). Loaded Objects now: 3837.
Memory consumption went from 229.0 MB to 228.9 MB.
Total: 4.769146 ms (FindLiveObjects: 0.325447 ms CreateObjectMapping: 0.188529 ms MarkObjects: 4.084891 ms  DeleteObjects: 0.167221 ms)

AssetImportParameters requested are different than current active one (requested -> active):
  custom:video-decoder-ogg-theora: a1e56fd34408186e4bbccfd4996cb3dc -> 
  custom:container-muxer-webm: aa71ff27fc2769a1b78a27578f13a17b -> 
  custom:container-demuxer-webm: 4f35f7cbe854078d1ac9338744f61a02 -> 
  custom:video-encoder-webm-vp8: eb34c28f22e8b96e1ab97ce403110664 -> 
  custom:framework-osx-AVFoundation: e770b220cccbd017edd2c1fefb359320 -> 
  custom:audio-encoder-webm-vorbis: bf7c407c2cedff20999df2af8eb42d56 -> 
  custom:container-demuxer-ogg: 62fdf1f143b41e24485cea50d1cbac27 -> 
  custom:video-decoder-webm-vp8: 9c59270c3fd7afecdb556c50c9e8de78 -> 
  custom:audio-decoder-ogg-vorbis: bf7c407c2cedff20999df2af8eb42d56 -> 
========================================================================
Received Import Request.
  Time since last request: 109164.910067 seconds.
  path: Assets/Materials
  artifactKey: Guid(52fb8f8e56a7546608ecb1c17468abaa) Importer(815301076,1909f56bfc062723c751e8b465ee728b)
Start importing Assets/Materials using Guid(52fb8f8e56a7546608ecb1c17468abaa) Importer(815301076,1909f56bfc062723c751e8b465ee728b)  -> (artifact id: '902b5ec12bd3126602364732a5e16df7') in 0.009694 seconds 
========================================================================
Received Import Request.
  Time since last request: 2.232578 seconds.
  path: Assets/Materials/NewShaderVariants.shadervariants
  artifactKey: Guid(a43d77e5bfc2d4b5480484b73e5b292f) Importer(815301076,1909f56bfc062723c751e8b465ee728b)
Start importing Assets/Materials/NewShaderVariants.shadervariants using Guid(a43d77e5bfc2d4b5480484b73e5b292f) Importer(815301076,1909f56bfc062723c751e8b465ee728b)  -> (artifact id: '9f5448ce4cbf19f6c5f552f43eb0d9a6') in 1.729096 seconds 
========================================================================
Received Import Request.
  Time since last request: 13.489676 seconds.
  path: Assets/Materials/CartoonMat.mat
  artifactKey: Guid(af87f6c015ec143379ecec40ef2efc47) Importer(815301076,1909f56bfc062723c751e8b465ee728b)
Start importing Assets/Materials/CartoonMat.mat using Guid(af87f6c015ec143379ecec40ef2efc47) Importer(815301076,1909f56bfc062723c751e8b465ee728b)  -> (artifact id: 'a6902901feab2c44ae6238c3742cb1bb') in 0.829097 seconds 
========================================================================
Received Import Request.
  Time since last request: 13.982446 seconds.
  path: Assets/Materials/CartoonShader.shader
  artifactKey: Guid(a99223f8306094edda608177699dc1f4) Importer(815301076,1909f56bfc062723c751e8b465ee728b)
Start importing Assets/Materials/CartoonShader.shader using Guid(a99223f8306094edda608177699dc1f4) Importer(815301076,1909f56bfc062723c751e8b465ee728b)  -> (artifact id: '7e08250ddbd336c5ce475436bb90564d') in 0.163113 seconds 
========================================================================
Received Import Request.
  Time since last request: 232.710733 seconds.
  path: Assets/Materials/CartoonShader.shader
  artifactKey: Guid(a99223f8306094edda608177699dc1f4) Importer(815301076,1909f56bfc062723c751e8b465ee728b)
Start importing Assets/Materials/CartoonShader.shader using Guid(a99223f8306094edda608177699dc1f4) Importer(815301076,1909f56bfc062723c751e8b465ee728b)  -> (artifact id: '2972d285ccbbf7c9653cbb1df3836d9a') in 0.068937 seconds 
========================================================================
Received Import Request.
  Time since last request: 118.767404 seconds.
  path: Assets/Materials/SphereMaterial.mat
  artifactKey: Guid(8c5b23f3ccaf04fbfbe37afa24b2aa9c) Importer(815301076,1909f56bfc062723c751e8b465ee728b)
Start importing Assets/Materials/SphereMaterial.mat using Guid(8c5b23f3ccaf04fbfbe37afa24b2aa9c) Importer(815301076,1909f56bfc062723c751e8b465ee728b)  -> (artifact id: '4110fbd6fe8c64dc5fa7b5ad486d11e9') in 0.218500 seconds 
========================================================================
Received Import Request.
  Time since last request: 11.799893 seconds.
  path: Assets/Materials/SphereCartoonShader.shader
  artifactKey: Guid(dac17872679e545c180c29ce2c023d52) Importer(815301076,1909f56bfc062723c751e8b465ee728b)
Start importing Assets/Materials/SphereCartoonShader.shader using Guid(dac17872679e545c180c29ce2c023d52) Importer(815301076,1909f56bfc062723c751e8b465ee728b)  -> (artifact id: '80bcacaa545c2e02d27d53b103a042ee') in 0.004319 seconds 
========================================================================
Received Import Request.
  Time since last request: 1042.892368 seconds.
  path: Assets/Materials/SphereCartoonShader.shader
  artifactKey: Guid(dac17872679e545c180c29ce2c023d52) Importer(815301076,1909f56bfc062723c751e8b465ee728b)
Start importing Assets/Materials/SphereCartoonShader.shader using Guid(dac17872679e545c180c29ce2c023d52) Importer(815301076,1909f56bfc062723c751e8b465ee728b)  -> (artifact id: 'd8b3184c7f9903f0d0414d1c7bf61a83') in 0.021963 seconds 
========================================================================
Received Import Request.
  Time since last request: 181.499096 seconds.
  path: Assets/Materials/SphereCartoonShader.shader
  artifactKey: Guid(dac17872679e545c180c29ce2c023d52) Importer(815301076,1909f56bfc062723c751e8b465ee728b)
Start importing Assets/Materials/SphereCartoonShader.shader using Guid(dac17872679e545c180c29ce2c023d52) Importer(815301076,1909f56bfc062723c751e8b465ee728b)  -> (artifact id: 'bd7b903783d5ec88ff76eea09f0e0bac') in 0.009655 seconds 
========================================================================
Received Import Request.
  Time since last request: 161.522228 seconds.
  path: Assets/Materials/SphereCartoonShader.shader
  artifactKey: Guid(dac17872679e545c180c29ce2c023d52) Importer(815301076,1909f56bfc062723c751e8b465ee728b)
Start importing Assets/Materials/SphereCartoonShader.shader using Guid(dac17872679e545c180c29ce2c023d52) Importer(815301076,1909f56bfc062723c751e8b465ee728b)  -> (artifact id: '81f576fd970489a8ea55c0965bdb0f20') in 0.012365 seconds 
========================================================================
Received Import Request.
  Time since last request: 27.406613 seconds.
  path: Assets/Materials/SphereCartoonShader.shader
  artifactKey: Guid(dac17872679e545c180c29ce2c023d52) Importer(815301076,1909f56bfc062723c751e8b465ee728b)
Start importing Assets/Materials/SphereCartoonShader.shader using Guid(dac17872679e545c180c29ce2c023d52) Importer(815301076,1909f56bfc062723c751e8b465ee728b)  -> (artifact id: 'f3926416d14451015d63d9611fd01ee3') in 0.006116 seconds 
========================================================================
Received Import Request.
  Time since last request: 2709.043397 seconds.
  path: Assets/Materials/SphereCartoonShader.shader
  artifactKey: Guid(dac17872679e545c180c29ce2c023d52) Importer(815301076,1909f56bfc062723c751e8b465ee728b)
Start importing Assets/Materials/SphereCartoonShader.shader using Guid(dac17872679e545c180c29ce2c023d52) Importer(815301076,1909f56bfc062723c751e8b465ee728b)  -> (artifact id: '621401827dbf72d855fb7a6c6837385e') in 0.049023 seconds 
